<jqa:jqassistant-rules xmlns:jqa="http://www.buschmais.com/jqassistant/core/analysis/rules/schema/v1.0">

    <concept id="junit3:TestClass">
        <description>Labels all non-abstract classes extending from junit.framework.TestCase "Test" and "Junit3".</description>
        <cypher><![CDATA[
            match
              (c:Type:Class)-[:EXTENDS*]->(testCaseType:Type)
            where
              testCaseType.fqn = "junit.framework.TestCase"
            set
              c:Test:Junit3
            return
              c as TestClass
        ]]></cypher>
    </concept>

    <concept id="junit3:TestMethod">
        <requiresConcept refId="junit3:TestClass"/>
        <description>Labels all test methods declared by a test class with "Test" and "Junit3".
        </description>
        <cypher><![CDATA[
            match
              (c:Class:Test:Junit3)-[:DECLARES]->(m:Method)
            where
              m.signature =~ "void test.*\\(.*\\)"
            set
              m:Test:Junit3
            return
              count(m) as Tests
        ]]></cypher>
    </concept>


    <concept id="junit3:SetUpMethod">
        <requiresConcept refId="junit3:TestClass"/>
        <description>Labels all setUp methods declared by a test class with "SetUp" and "Junit3".</description>
        <cypher><![CDATA[
            match
              (c:Class:Test:Junit3)-[:DECLARES]->(m:Method)
            where
              m.signature = "void setUp()"
            set
              m:SetUp:Junit3
            return
              count(m) as SetUpMethods
        ]]></cypher>
    </concept>

    <concept id="junit3:TearDownMethod">
        <requiresConcept refId="junit3:TestClass"/>
        <description>Labels all tearDown methods declared by a test class with "TearDown" and "Junit3".</description>
        <cypher><![CDATA[
            match
              (c:Class:Test:Junit3)-[:DECLARES]->(m:Method)
            where
              m.signature = "void tearDown()"
            set
              m:TearDown:Junit3
            return
              count(m) as TearDownMethods
        ]]></cypher>
    </concept>

</jqa:jqassistant-rules>